<?xml version="1.0" encoding="UTF-8"?>
<!-- Generated by org.testng.reporters.JUnitXMLReporter -->
<testsuite ignored="2" hostname="DHARSHAN" failures="0" tests="1" name="loanmodule" time="0.016" errors="0" timestamp="02 Oct 2018 14:53:12 GMT">
  <testcase classname="learning.loandept" name="carloan" time="0.0"/>
  <testcase classname="learning.loandept" name="personalloan" time="0.0">
    <ignored/>
  </testcase> <!-- personalloan -->
  <testcase classname="learning.loandept" name="homeloan" time="0.0">
    <ignored/>
  </testcase> <!-- homeloan -->
</testsuite> <!-- loanmodule -->
