<?xml version="1.0" encoding="UTF-8"?>
<!-- Generated by org.testng.reporters.JUnitXMLReporter -->
<testsuite ignored="0" hostname="DHARSHAN" failures="0" tests="4" name="other module" time="0.069" errors="0" timestamp="02 Oct 2018 14:53:12 GMT">
  <testcase classname="learning.TestNGbasics" name="demo1" time="0.015"/>
  <testcase classname="learning.TestNGbasics" name="demo2" time="0.0"/>
  <testcase classname="learning.TestNGbasics" name="demo3" time="0.0"/>
  <testcase classname="learning.econtrol" name="nmod" time="0.002"/>
</testsuite> <!-- other module -->
