<?xml version="1.0" encoding="UTF-8"?>
<!-- Generated by org.testng.reporters.JUnitXMLReporter -->
<testsuite ignored="0" hostname="DHARSHAN" failures="0" tests="7" name="Test" time="0.068" errors="0" timestamp="02 Oct 2018 07:55:27 GMT">
  <testcase classname="learning.TestNGbasics" name="demo1" time="0.016"/>
  <testcase classname="learning.TestNGbasics" name="demo2" time="0.0"/>
  <testcase classname="learning.TestNGbasics" name="demo3" time="0.0"/>
  <testcase classname="learning.econtrol" name="nmod" time="0.016"/>
  <testcase classname="learning.loandept" name="carloan" time="0.0"/>
  <testcase classname="learning.loandept" name="homeloan" time="0.0"/>
  <testcase classname="learning.loandept" name="personalloan" time="0.0"/>
</testsuite> <!-- Test -->
