<?xml version="1.0" encoding="UTF-8"?>
<testng-results ignored="0" total="2" passed="2" failed="0" skipped="0">
  <reporter-output>
    <line>
      <![CDATA[<a href="C:\quote.jpg" target="_blank">Test case Started :</a>login]]>
    </line>
    <line>
      <![CDATA[<a href="C:\quote.jpg" target="_blank">Test case Started :</a>login]]>
    </line>
  </reporter-output>
  <suite started-at="2020-04-26T18:46:26Z" name="Prametrize" finished-at="2020-04-26T18:46:26Z" duration-ms="35">
    <groups>
    </groups>
    <test started-at="2020-04-26T18:46:26Z" name="Listener" finished-at="2020-04-26T18:46:26Z" duration-ms="35">
      <class name="learning.Testngdataprovider">
        <test-method signature="login(java.lang.String, java.lang.String)[pri:0, instance:learning.Testngdataprovider@192c3f1e]" started-at="2020-04-26T18:46:26Z" name="login" data-provider="getname" finished-at="2020-04-26T18:46:26Z" duration-ms="13" status="PASS">
          <params>
            <param index="0">
              <value>
                <![CDATA[Test@gmail.com]]>
              </value>
            </param>
            <param index="1">
              <value>
                <![CDATA[Test123]]>
              </value>
            </param>
          </params>
          <reporter-output>
            <line>
              <![CDATA[<a href="C:\quote.jpg" target="_blank">Test case Started :</a>login]]>
            </line>
          </reporter-output>
        </test-method> <!-- login -->
        <test-method signature="login(java.lang.String, java.lang.String)[pri:0, instance:learning.Testngdataprovider@192c3f1e]" started-at="2020-04-26T18:46:26Z" name="login" data-provider="getname" finished-at="2020-04-26T18:46:26Z" duration-ms="0" status="PASS">
          <params>
            <param index="0">
              <value>
                <![CDATA[Test23@gmail.com]]>
              </value>
            </param>
            <param index="1">
              <value>
                <![CDATA[Test123]]>
              </value>
            </param>
          </params>
          <reporter-output>
            <line>
              <![CDATA[<a href="C:\quote.jpg" target="_blank">Test case Started :</a>login]]>
            </line>
          </reporter-output>
        </test-method> <!-- login -->
      </class> <!-- learning.Testngdataprovider -->
    </test> <!-- Listener -->
  </suite> <!-- Prametrize -->
</testng-results>
